C:\LFT_SPPU_VISIT_OCT_2015\LFT_9OCT2015\MIDDLEAPIWRAPPER\DEBUG\ETHERNETAPI.DLL
C:\Lft_Sppu_Visit_oct_2015\Lft_9Oct2015\MiddleAPIWrapper\Debug\EthernetAPI.exp
C:\Lft_Sppu_Visit_oct_2015\Lft_9Oct2015\MiddleAPIWrapper\Debug\EthernetAPI.lib
C:\LFT_SPPU_VISIT_OCT_2015\LFT_9OCT2015\MIDDLEAPIWRAPPER\DEBUG\ETHERNETAPI.PDB
C:\LFT_SPPU_VISIT_OCT_2015\LFT_9OCT2015\MIDDLEAPIWRAPPER\ETHERNETAPI\ETHERNETAPI\DEBUG\CPROTOCOL.OBJ
C:\LFT_SPPU_VISIT_OCT_2015\LFT_9OCT2015\MIDDLEAPIWRAPPER\ETHERNETAPI\ETHERNETAPI\DEBUG\ETHERNETAPI.DLL.INTERMEDIATE.MANIFEST
C:\LFT_SPPU_VISIT_OCT_2015\LFT_9OCT2015\MIDDLEAPIWRAPPER\ETHERNETAPI\ETHERNETAPI\DEBUG\ETHERNETAPI.OBJ
C:\LFT_SPPU_VISIT_OCT_2015\LFT_9OCT2015\MIDDLEAPIWRAPPER\ETHERNETAPI\ETHERNETAPI\DEBUG\VC100.PDB
C:\LFT_SPPU_VISIT_OCT_2015\MIDDLEAPIWRAPPER_V102\DEBUG\ETHERNETAPI.DLL
C:\Lft_Sppu_Visit_oct_2015\MiddleAPIWrapper_v102\Debug\EthernetAPI.exp
C:\Lft_Sppu_Visit_oct_2015\MiddleAPIWrapper_v102\Debug\EthernetAPI.lib
C:\LFT_SPPU_VISIT_OCT_2015\MIDDLEAPIWRAPPER_V102\DEBUG\ETHERNETAPI.PDB
C:\LFT_SPPU_VISIT_OCT_2015\MIDDLEAPIWRAPPER_V102\ETHERNETAPI\ETHERNETAPI\DEBUG\CPROTOCOL.OBJ
C:\LFT_SPPU_VISIT_OCT_2015\MIDDLEAPIWRAPPER_V102\ETHERNETAPI\ETHERNETAPI\DEBUG\ETHERNETAPI.DLL.INTERMEDIATE.MANIFEST
C:\LFT_SPPU_VISIT_OCT_2015\MIDDLEAPIWRAPPER_V102\ETHERNETAPI\ETHERNETAPI\DEBUG\ETHERNETAPI.OBJ
C:\LFT_SPPU_VISIT_OCT_2015\MIDDLEAPIWRAPPER_V102\ETHERNETAPI\ETHERNETAPI\DEBUG\VC100.PDB
C:\USERS\LOFRU\DESKTOP\20_OCT_2015_STABLE_SPPPU\B_20OCT_USB_BEST_MIDDLEAPIWRAPPER\DEBUG\ETHERNETAPI.DLL
C:\Users\lofru\Desktop\20_oct_2015_Stable_SPPPU\b_20Oct_usb_best_MiddleAPIWrapper\Debug\EthernetAPI.exp
C:\Users\lofru\Desktop\20_oct_2015_Stable_SPPPU\b_20Oct_usb_best_MiddleAPIWrapper\Debug\EthernetAPI.lib
C:\USERS\LOFRU\DESKTOP\20_OCT_2015_STABLE_SPPPU\B_20OCT_USB_BEST_MIDDLEAPIWRAPPER\DEBUG\ETHERNETAPI.PDB
C:\USERS\LOFRU\DESKTOP\20_OCT_2015_STABLE_SPPPU\B_20OCT_USB_BEST_MIDDLEAPIWRAPPER\ETHERNETAPI\ETHERNETAPI\DEBUG\CPROTOCOL.OBJ
C:\USERS\LOFRU\DESKTOP\20_OCT_2015_STABLE_SPPPU\B_20OCT_USB_BEST_MIDDLEAPIWRAPPER\ETHERNETAPI\ETHERNETAPI\DEBUG\ETHERNETAPI.DLL.INTERMEDIATE.MANIFEST
C:\USERS\LOFRU\DESKTOP\20_OCT_2015_STABLE_SPPPU\B_20OCT_USB_BEST_MIDDLEAPIWRAPPER\ETHERNETAPI\ETHERNETAPI\DEBUG\ETHERNETAPI.OBJ
C:\USERS\LOFRU\DESKTOP\20_OCT_2015_STABLE_SPPPU\B_20OCT_USB_BEST_MIDDLEAPIWRAPPER\ETHERNETAPI\ETHERNETAPI\DEBUG\VC100.PDB
C:\Users\Pulkit Gupta\Desktop\Ukko\src\MiddleAPIWrapper\EthernetAPI\EthernetAPI\Debug\cl.command.1.tlog
C:\Users\Pulkit Gupta\Desktop\Ukko\src\MiddleAPIWrapper\EthernetAPI\EthernetAPI\Debug\CL.read.1.tlog
C:\Users\Pulkit Gupta\Desktop\Ukko\src\MiddleAPIWrapper\EthernetAPI\EthernetAPI\Debug\CL.write.1.tlog
C:\Users\Pulkit Gupta\Desktop\Ukko\src\MiddleAPIWrapper\EthernetAPI\EthernetAPI\Debug\cprotocol.obj
C:\Users\Pulkit Gupta\Desktop\Ukko\src\MiddleAPIWrapper\EthernetAPI\EthernetAPI\Debug\EthernetAPI.dll.intermediate.manifest
C:\Users\Pulkit Gupta\Desktop\Ukko\src\MiddleAPIWrapper\EthernetAPI\EthernetAPI\Debug\EthernetAPI.obj
C:\Users\Pulkit Gupta\Desktop\Ukko\src\MiddleAPIWrapper\EthernetAPI\EthernetAPI\Debug\EthernetAPI.vcxprojResolveAssemblyReference.cache
C:\Users\Pulkit Gupta\Desktop\Ukko\src\MiddleAPIWrapper\EthernetAPI\EthernetAPI\Debug\EthernetAPI.write.1.tlog
C:\Users\Pulkit Gupta\Desktop\Ukko\src\MiddleAPIWrapper\EthernetAPI\EthernetAPI\Debug\link.command.1.tlog
C:\Users\Pulkit Gupta\Desktop\Ukko\src\MiddleAPIWrapper\EthernetAPI\EthernetAPI\Debug\link.read.1.tlog
C:\Users\Pulkit Gupta\Desktop\Ukko\src\MiddleAPIWrapper\EthernetAPI\EthernetAPI\Debug\link.write.1.tlog
C:\Users\Pulkit Gupta\Desktop\Ukko\src\MiddleAPIWrapper\EthernetAPI\EthernetAPI\Debug\mt.command.1.tlog
C:\Users\Pulkit Gupta\Desktop\Ukko\src\MiddleAPIWrapper\EthernetAPI\EthernetAPI\Debug\mt.read.1.tlog
C:\Users\Pulkit Gupta\Desktop\Ukko\src\MiddleAPIWrapper\EthernetAPI\EthernetAPI\Debug\mt.write.1.tlog
C:\Users\Pulkit Gupta\Desktop\Ukko\src\MiddleAPIWrapper\EthernetAPI\EthernetAPI\Debug\vc100.idb
C:\Users\Pulkit Gupta\Desktop\Ukko\src\MiddleAPIWrapper\EthernetAPI\EthernetAPI\Debug\vc100.pdb
D:\HP\PROJECTS\SPPU\SOFTWARE\MIDDLEWRAPPER\DEBUG\ETHERNETAPI.DLL
D:\hp\Projects\Sppu\Software\MiddleWrapper\Debug\EthernetAPI.exp
D:\hp\Projects\Sppu\Software\MiddleWrapper\Debug\EthernetAPI.lib
D:\HP\PROJECTS\SPPU\SOFTWARE\MIDDLEWRAPPER\DEBUG\ETHERNETAPI.PDB
D:\HP\PROJECTS\SPPU\SOFTWARE\MIDDLEWRAPPER\ETHERNETAPI\ETHERNETAPI\DEBUG\CPROTOCOL.OBJ
D:\HP\PROJECTS\SPPU\SOFTWARE\MIDDLEWRAPPER\ETHERNETAPI\ETHERNETAPI\DEBUG\ETHERNETAPI.DLL.INTERMEDIATE.MANIFEST
D:\HP\PROJECTS\SPPU\SOFTWARE\MIDDLEWRAPPER\ETHERNETAPI\ETHERNETAPI\DEBUG\ETHERNETAPI.OBJ
D:\HP\PROJECTS\SPPU\SOFTWARE\MIDDLEWRAPPER\ETHERNETAPI\ETHERNETAPI\DEBUG\VC100.PDB
E:\HP\MIDDLEAPIWRAPPER\DEBUG\ETHERNETAPI.DLL
E:\HP\MiddleAPIWrapper\Debug\EthernetAPI.exp
E:\HP\MiddleAPIWrapper\Debug\EthernetAPI.lib
E:\HP\MIDDLEAPIWRAPPER\DEBUG\ETHERNETAPI.PDB
E:\HP\MIDDLEAPIWRAPPER\ETHERNETAPI\ETHERNETAPI\DEBUG\CPROTOCOL.OBJ
E:\HP\MIDDLEAPIWRAPPER\ETHERNETAPI\ETHERNETAPI\DEBUG\ETHERNETAPI.DLL.INTERMEDIATE.MANIFEST
E:\HP\MIDDLEAPIWRAPPER\ETHERNETAPI\ETHERNETAPI\DEBUG\ETHERNETAPI.OBJ
E:\HP\MIDDLEAPIWRAPPER\ETHERNETAPI\ETHERNETAPI\DEBUG\VC100.PDB
