C:\PROJECTS\VS\MIDDLEAPI\DEBUG\MIDDLEAPI.DLL
C:\PROJECTS\VS\MiddleAPI\Debug\MiddleAPI.exp
C:\PROJECTS\VS\MiddleAPI\Debug\MiddleAPI.lib
C:\PROJECTS\VS\MIDDLEAPI\DEBUG\MIDDLEAPI.PDB
C:\PROJECTS\VS\MiddleAPI\MiddleAPI\Debug\cl.command.1.tlog
C:\PROJECTS\VS\MiddleAPI\MiddleAPI\Debug\CL.read.1.tlog
C:\PROJECTS\VS\MiddleAPI\MiddleAPI\Debug\CL.write.1.tlog
C:\PROJECTS\VS\MIDDLEAPI\MIDDLEAPI\DEBUG\CPROTOCOL.OBJ
C:\PROJECTS\VS\MiddleAPI\MiddleAPI\Debug\link.command.1.tlog
C:\PROJECTS\VS\MiddleAPI\MiddleAPI\Debug\link.read.1.tlog
C:\PROJECTS\VS\MiddleAPI\MiddleAPI\Debug\link.write.1.tlog
C:\PROJECTS\VS\MIDDLEAPI\MIDDLEAPI\DEBUG\MIDDLEAPI.DLL.INTERMEDIATE.MANIFEST
C:\PROJECTS\VS\MiddleAPI\MiddleAPI\Debug\MiddleAPI.vcxprojResolveAssemblyReference.cache
C:\PROJECTS\VS\MiddleAPI\MiddleAPI\Debug\MiddleAPI.write.1.tlog
C:\PROJECTS\VS\MIDDLEAPI\MIDDLEAPI\DEBUG\MIDDLELAYER.OBJ
C:\PROJECTS\VS\MiddleAPI\MiddleAPI\Debug\mt.command.1.tlog
C:\PROJECTS\VS\MiddleAPI\MiddleAPI\Debug\mt.read.1.tlog
C:\PROJECTS\VS\MiddleAPI\MiddleAPI\Debug\mt.write.1.tlog
C:\PROJECTS\VS\MiddleAPI\MiddleAPI\Debug\vc100.idb
C:\PROJECTS\VS\MIDDLEAPI\MIDDLEAPI\DEBUG\VC100.PDB
