C:\USERS\LFT_USER\DESKTOP\MIDDLEAPI\MIDDLEAPIWRAPPER\RELEASE\DATARECORDER.OBJ
C:\USERS\LFT_USER\DESKTOP\MIDDLEAPI\MIDDLEAPIWRAPPER\RELEASE\FASTCENTROIDAPP.OBJ
C:\USERS\LFT_USER\DESKTOP\MIDDLEAPI\MIDDLEAPIWRAPPER\RELEASE\MIDDLEAPIWRAPPER.DLL.INTERMEDIATE.MANIFEST
C:\USERS\LFT_USER\DESKTOP\MIDDLEAPI\MIDDLEAPIWRAPPER\RELEASE\MIDDLEAPIWRAPPER.OBJ
C:\USERS\LFT_USER\DESKTOP\MIDDLEAPI\MIDDLEAPIWRAPPER\RELEASE\VC100.PDB
C:\USERS\LFT_USER\DESKTOP\MIDDLEAPI\RELEASE\MIDDLEAPIWRAPPER.DLL
C:\Users\LFT_User\Desktop\MiddleApi\Release\MiddleAPIWrapper.exp
C:\Users\LFT_User\Desktop\MiddleApi\Release\MiddleAPIWrapper.lib
C:\USERS\LFT_USER\DESKTOP\MIDDLEAPI\RELEASE\MIDDLEAPIWRAPPER.PDB
D:\MIDDLEWARE_SVN\MIDDLEAPI\MIDDLEAPIWRAPPER\RELEASE\DATARECORDER.OBJ
D:\MIDDLEWARE_SVN\MIDDLEAPI\MIDDLEAPIWRAPPER\RELEASE\FASTCENTROIDAPP.OBJ
D:\MIDDLEWARE_SVN\MIDDLEAPI\MIDDLEAPIWRAPPER\RELEASE\MIDDLEAPIWRAPPER.DLL.INTERMEDIATE.MANIFEST
D:\MIDDLEWARE_SVN\MIDDLEAPI\MIDDLEAPIWRAPPER\RELEASE\MIDDLEAPIWRAPPER.OBJ
D:\MIDDLEWARE_SVN\MIDDLEAPI\MIDDLEAPIWRAPPER\RELEASE\VC100.PDB
D:\MIDDLEWARE_SVN\MIDDLEAPI\RELEASE\MIDDLEAPIWRAPPER.DLL
D:\MiddleWare_SVN\MiddleApi\Release\MiddleAPIWrapper.exp
D:\MiddleWare_SVN\MiddleApi\Release\MiddleAPIWrapper.lib
D:\MIDDLEWARE_SVN\MIDDLEAPI\RELEASE\MIDDLEAPIWRAPPER.PDB
E:\MiddleApi\MiddleAPIWrapper\Release\cl.command.1.tlog
E:\MiddleApi\MiddleAPIWrapper\Release\CL.read.1.tlog
E:\MiddleApi\MiddleAPIWrapper\Release\CL.write.1.tlog
E:\MiddleApi\MiddleAPIWrapper\Release\dataRecorder.obj
E:\MiddleApi\MiddleAPIWrapper\Release\FastCentroidApp.obj
E:\MiddleApi\MiddleAPIWrapper\Release\link.command.1.tlog
E:\MiddleApi\MiddleAPIWrapper\Release\link.read.1.tlog
E:\MiddleApi\MiddleAPIWrapper\Release\link.write.1.tlog
E:\MiddleApi\MiddleAPIWrapper\Release\MiddleAPIWrapper.dll.intermediate.manifest
E:\MiddleApi\MiddleAPIWrapper\Release\MiddleAPIWrapper.obj
E:\MiddleApi\MiddleAPIWrapper\Release\MiddleAPIWrapper.write.1.tlog
E:\MiddleApi\MiddleAPIWrapper\Release\mt.command.1.tlog
E:\MiddleApi\MiddleAPIWrapper\Release\mt.read.1.tlog
E:\MiddleApi\MiddleAPIWrapper\Release\mt.write.1.tlog
E:\MiddleApi\MiddleAPIWrapper\Release\vc100.pdb
E:\MiddleApi\Release\MiddleAPIWrapper.dll
E:\MiddleApi\Release\MiddleAPIWrapper.pdb
