C:\USERS\LFT_USER\DESKTOP\MIDDLEAPI\RELEASE\SPPUUSBDLL.DLL
C:\Users\LFT_User\Desktop\MiddleApi\Release\SppuUsbDll.exp
C:\Users\LFT_User\Desktop\MiddleApi\Release\SppuUsbDll.lib
C:\USERS\LFT_USER\DESKTOP\MIDDLEAPI\RELEASE\SPPUUSBDLL.PDB
C:\USERS\LFT_USER\DESKTOP\MIDDLEAPI\SPPUUSBDLL\RELEASE\DLLMAIN.OBJ
C:\USERS\LFT_USER\DESKTOP\MIDDLEAPI\SPPUUSBDLL\RELEASE\SPPUUSBDLL.DLL.INTERMEDIATE.MANIFEST
C:\USERS\LFT_USER\DESKTOP\MIDDLEAPI\SPPUUSBDLL\RELEASE\SPPUUSBDLL.OBJ
C:\USERS\LFT_USER\DESKTOP\MIDDLEAPI\SPPUUSBDLL\RELEASE\STDAFX.OBJ
C:\USERS\LFT_USER\DESKTOP\MIDDLEAPI\SPPUUSBDLL\RELEASE\VC100.PDB
D:\MIDDLEWARE_SVN\MIDDLEAPI\RELEASE\SPPUUSBDLL.DLL
D:\MiddleWare_SVN\MiddleApi\Release\SppuUsbDll.exp
D:\MiddleWare_SVN\MiddleApi\Release\SppuUsbDll.lib
D:\MIDDLEWARE_SVN\MIDDLEAPI\RELEASE\SPPUUSBDLL.PDB
D:\MIDDLEWARE_SVN\MIDDLEAPI\SPPUUSBDLL\RELEASE\DLLMAIN.OBJ
D:\MIDDLEWARE_SVN\MIDDLEAPI\SPPUUSBDLL\RELEASE\SPPUUSBDLL.DLL.INTERMEDIATE.MANIFEST
D:\MIDDLEWARE_SVN\MIDDLEAPI\SPPUUSBDLL\RELEASE\SPPUUSBDLL.OBJ
D:\MIDDLEWARE_SVN\MIDDLEAPI\SPPUUSBDLL\RELEASE\SPPUUSBDLL.PCH
D:\MIDDLEWARE_SVN\MIDDLEAPI\SPPUUSBDLL\RELEASE\STDAFX.OBJ
D:\MIDDLEWARE_SVN\MIDDLEAPI\SPPUUSBDLL\RELEASE\VC100.PDB
E:\MiddleApi\Release\SppuUsbDll.dll
E:\MiddleApi\Release\SppuUsbDll.pdb
E:\MiddleApi\SppuUsbDll\Release\cl.command.1.tlog
E:\MiddleApi\SppuUsbDll\Release\CL.read.1.tlog
E:\MiddleApi\SppuUsbDll\Release\CL.write.1.tlog
E:\MiddleApi\SppuUsbDll\Release\dllmain.obj
E:\MiddleApi\SppuUsbDll\Release\link.command.1.tlog
E:\MiddleApi\SppuUsbDll\Release\link.read.1.tlog
E:\MiddleApi\SppuUsbDll\Release\link.write.1.tlog
E:\MiddleApi\SppuUsbDll\Release\mt.command.1.tlog
E:\MiddleApi\SppuUsbDll\Release\mt.read.1.tlog
E:\MiddleApi\SppuUsbDll\Release\mt.write.1.tlog
E:\MiddleApi\SppuUsbDll\Release\SppuUsbDll.dll.intermediate.manifest
E:\MiddleApi\SppuUsbDll\Release\SppuUsbDll.obj
E:\MiddleApi\SppuUsbDll\Release\SppuUsbDll.pch
E:\MiddleApi\SppuUsbDll\Release\SppuUsbDll.write.1.tlog
E:\MiddleApi\SppuUsbDll\Release\stdafx.obj
E:\MiddleApi\SppuUsbDll\Release\vc100.pdb
