Build started 8/29/2018 8:54:12 AM.
Project "E:\MiddleApi\SerialAPI\SerialAPI.vcxproj" on node 2 (build target(s)).
InitializeBuildStatus:
  Creating "Release\SerialAPI.unsuccessfulbuild" because "AlwaysCreate" was specified.
ClCompile:
  c:\Program Files (x86)\Microsoft Visual Studio 10.0\VC\bin\CL.exe /c /Zi /nologo /W3 /WX- /O2 /Oi /Oy- /GL /D WIN32 /D NDEBUG /D _WINDOWS /D _USRDLL /D SERIALAPI_EXPORTS /D _WINDLL /D _UNICODE /D UNICODE /Gm- /EHsc /MD /GS /Gy /fp:precise /Zc:wchar_t /Zc:forScope /Fo"Release\\" /Fd"Release\vc100.pdb" /Gd /TP /analyze- /errorReport:prompt ..\EthernetAPI\EthernetAPI\cprotocol.cpp SerialAPI.cpp
  cprotocol.cpp
..\EthernetAPI\EthernetAPI\cprotocol.cpp(552): warning C4018: '<' : signed/unsigned mismatch
..\EthernetAPI\EthernetAPI\cprotocol.cpp(565): warning C4018: '<' : signed/unsigned mismatch
..\EthernetAPI\EthernetAPI\cprotocol.cpp(580): warning C4018: '<' : signed/unsigned mismatch
..\EthernetAPI\EthernetAPI\cprotocol.cpp(592): warning C4018: '<' : signed/unsigned mismatch
..\EthernetAPI\EthernetAPI\cprotocol.cpp(604): warning C4018: '<' : signed/unsigned mismatch
..\EthernetAPI\EthernetAPI\cprotocol.cpp(616): warning C4018: '<' : signed/unsigned mismatch
  SerialAPI.cpp
Link:
  c:\Program Files (x86)\Microsoft Visual Studio 10.0\VC\bin\link.exe /ERRORREPORT:PROMPT /OUT:"E:\MiddleApi\Release\SerialAPI.dll" /INCREMENTAL:NO /NOLOGO kernel32.lib user32.lib gdi32.lib winspool.lib comdlg32.lib advapi32.lib shell32.lib ole32.lib oleaut32.lib uuid.lib odbc32.lib odbccp32.lib /MANIFEST /ManifestFile:"Release\SerialAPI.dll.intermediate.manifest" /MANIFESTUAC:"level='asInvoker' uiAccess='false'" /DEBUG /PDB:"E:\MiddleApi\Release\SerialAPI.pdb" /SUBSYSTEM:WINDOWS /OPT:REF /OPT:ICF /LTCG /TLBID:1 /DYNAMICBASE /NXCOMPAT /IMPLIB:"E:\MiddleApi\Release\SerialAPI.lib" /MACHINE:X86 /DLL Release\cprotocol.obj
  Release\SerialAPI.obj
     Creating library E:\MiddleApi\Release\SerialAPI.lib and object E:\MiddleApi\Release\SerialAPI.exp
  Generating code
  Finished generating code
  SerialAPI.vcxproj -> E:\MiddleApi\Release\SerialAPI.dll
Manifest:
  c:\Program Files (x86)\Microsoft SDKs\Windows\v7.0A\bin\mt.exe /nologo /verbose /outputresource:"E:\MiddleApi\Release\SerialAPI.dll;#2" /manifest Release\SerialAPI.dll.intermediate.manifest
FinalizeBuildStatus:
  Deleting file "Release\SerialAPI.unsuccessfulbuild".
  Touching "Release\SerialAPI.lastbuildstate".
Done Building Project "E:\MiddleApi\SerialAPI\SerialAPI.vcxproj" (build target(s)).

Build succeeded.

Time Elapsed 00:00:00.86
