C:\USERS\LFT_USER\DESKTOP\MIDDLEAPI\RELEASE\SERIALAPI.DLL
C:\Users\LFT_User\Desktop\MiddleApi\Release\SerialAPI.exp
C:\Users\LFT_User\Desktop\MiddleApi\Release\SerialAPI.lib
C:\USERS\LFT_USER\DESKTOP\MIDDLEAPI\RELEASE\SERIALAPI.PDB
C:\USERS\LFT_USER\DESKTOP\MIDDLEAPI\SERIALAPI\RELEASE\CPROTOCOL.OBJ
C:\USERS\LFT_USER\DESKTOP\MIDDLEAPI\SERIALAPI\RELEASE\SERIALAPI.DLL.INTERMEDIATE.MANIFEST
C:\USERS\LFT_USER\DESKTOP\MIDDLEAPI\SERIALAPI\RELEASE\SERIALAPI.OBJ
C:\USERS\LFT_USER\DESKTOP\MIDDLEAPI\SERIALAPI\RELEASE\VC100.PDB
D:\MIDDLEWARE_SVN\MIDDLEAPI\RELEASE\SERIALAPI.DLL
D:\MiddleWare_SVN\MiddleApi\Release\SerialAPI.exp
D:\MiddleWare_SVN\MiddleApi\Release\SerialAPI.lib
D:\MIDDLEWARE_SVN\MIDDLEAPI\RELEASE\SERIALAPI.PDB
D:\MIDDLEWARE_SVN\MIDDLEAPI\SERIALAPI\RELEASE\CPROTOCOL.OBJ
D:\MIDDLEWARE_SVN\MIDDLEAPI\SERIALAPI\RELEASE\SERIALAPI.DLL.INTERMEDIATE.MANIFEST
D:\MIDDLEWARE_SVN\MIDDLEAPI\SERIALAPI\RELEASE\SERIALAPI.OBJ
D:\MIDDLEWARE_SVN\MIDDLEAPI\SERIALAPI\RELEASE\VC100.PDB
E:\MiddleApi\Release\SerialAPI.dll
E:\MiddleApi\Release\SerialAPI.pdb
E:\MiddleApi\SerialAPI\Release\cl.command.1.tlog
E:\MiddleApi\SerialAPI\Release\CL.read.1.tlog
E:\MiddleApi\SerialAPI\Release\CL.write.1.tlog
E:\MiddleApi\SerialAPI\Release\cprotocol.obj
E:\MiddleApi\SerialAPI\Release\link.command.1.tlog
E:\MiddleApi\SerialAPI\Release\link.read.1.tlog
E:\MiddleApi\SerialAPI\Release\link.write.1.tlog
E:\MiddleApi\SerialAPI\Release\mt.command.1.tlog
E:\MiddleApi\SerialAPI\Release\mt.read.1.tlog
E:\MiddleApi\SerialAPI\Release\mt.write.1.tlog
E:\MiddleApi\SerialAPI\Release\SerialAPI.dll.intermediate.manifest
E:\MiddleApi\SerialAPI\Release\SerialAPI.obj
E:\MiddleApi\SerialAPI\Release\SerialAPI.write.1.tlog
E:\MiddleApi\SerialAPI\Release\vc100.pdb
