C:\LFT_SPPU_VISIT_OCT_2015\LFT_9OCT2015\MIDDLEAPIWRAPPER\DEBUG\SPPUUSBDLL.DLL
C:\Lft_Sppu_Visit_oct_2015\Lft_9Oct2015\MiddleAPIWrapper\Debug\SppuUsbDll.exp
C:\Lft_Sppu_Visit_oct_2015\Lft_9Oct2015\MiddleAPIWrapper\Debug\SppuUsbDll.lib
C:\LFT_SPPU_VISIT_OCT_2015\LFT_9OCT2015\MIDDLEAPIWRAPPER\DEBUG\SPPUUSBDLL.PDB
C:\LFT_SPPU_VISIT_OCT_2015\LFT_9OCT2015\MIDDLEAPIWRAPPER\SPPUUSBDLL\DEBUG\DLLMAIN.OBJ
C:\LFT_SPPU_VISIT_OCT_2015\LFT_9OCT2015\MIDDLEAPIWRAPPER\SPPUUSBDLL\DEBUG\SPPUUSBDLL.DLL.INTERMEDIATE.MANIFEST
C:\LFT_SPPU_VISIT_OCT_2015\LFT_9OCT2015\MIDDLEAPIWRAPPER\SPPUUSBDLL\DEBUG\SPPUUSBDLL.OBJ
C:\LFT_SPPU_VISIT_OCT_2015\LFT_9OCT2015\MIDDLEAPIWRAPPER\SPPUUSBDLL\DEBUG\SPPUUSBDLL.PCH
C:\LFT_SPPU_VISIT_OCT_2015\LFT_9OCT2015\MIDDLEAPIWRAPPER\SPPUUSBDLL\DEBUG\STDAFX.OBJ
C:\LFT_SPPU_VISIT_OCT_2015\LFT_9OCT2015\MIDDLEAPIWRAPPER\SPPUUSBDLL\DEBUG\VC100.PDB
C:\LFT_SPPU_VISIT_OCT_2015\MIDDLEAPIWRAPPER_V102\DEBUG\SPPUUSBDLL.DLL
C:\Lft_Sppu_Visit_oct_2015\MiddleAPIWrapper_v102\Debug\SppuUsbDll.exp
C:\Lft_Sppu_Visit_oct_2015\MiddleAPIWrapper_v102\Debug\SppuUsbDll.lib
C:\LFT_SPPU_VISIT_OCT_2015\MIDDLEAPIWRAPPER_V102\DEBUG\SPPUUSBDLL.PDB
C:\LFT_SPPU_VISIT_OCT_2015\MIDDLEAPIWRAPPER_V102\SPPUUSBDLL\DEBUG\DLLMAIN.OBJ
C:\LFT_SPPU_VISIT_OCT_2015\MIDDLEAPIWRAPPER_V102\SPPUUSBDLL\DEBUG\SPPUUSBDLL.DLL.INTERMEDIATE.MANIFEST
C:\LFT_SPPU_VISIT_OCT_2015\MIDDLEAPIWRAPPER_V102\SPPUUSBDLL\DEBUG\SPPUUSBDLL.OBJ
C:\LFT_SPPU_VISIT_OCT_2015\MIDDLEAPIWRAPPER_V102\SPPUUSBDLL\DEBUG\SPPUUSBDLL.PCH
C:\LFT_SPPU_VISIT_OCT_2015\MIDDLEAPIWRAPPER_V102\SPPUUSBDLL\DEBUG\STDAFX.OBJ
C:\LFT_SPPU_VISIT_OCT_2015\MIDDLEAPIWRAPPER_V102\SPPUUSBDLL\DEBUG\VC100.PDB
C:\USERS\LOFRU\DESKTOP\20_OCT_2015_STABLE_SPPPU\B_20OCT_USB_BEST_MIDDLEAPIWRAPPER\DEBUG\SPPUUSBDLL.DLL
C:\Users\lofru\Desktop\20_oct_2015_Stable_SPPPU\b_20Oct_usb_best_MiddleAPIWrapper\Debug\SppuUsbDll.exp
C:\Users\lofru\Desktop\20_oct_2015_Stable_SPPPU\b_20Oct_usb_best_MiddleAPIWrapper\Debug\SppuUsbDll.lib
C:\USERS\LOFRU\DESKTOP\20_OCT_2015_STABLE_SPPPU\B_20OCT_USB_BEST_MIDDLEAPIWRAPPER\DEBUG\SPPUUSBDLL.PDB
C:\USERS\LOFRU\DESKTOP\20_OCT_2015_STABLE_SPPPU\B_20OCT_USB_BEST_MIDDLEAPIWRAPPER\SPPUUSBDLL\DEBUG\DLLMAIN.OBJ
C:\USERS\LOFRU\DESKTOP\20_OCT_2015_STABLE_SPPPU\B_20OCT_USB_BEST_MIDDLEAPIWRAPPER\SPPUUSBDLL\DEBUG\SPPUUSBDLL.DLL.INTERMEDIATE.MANIFEST
C:\USERS\LOFRU\DESKTOP\20_OCT_2015_STABLE_SPPPU\B_20OCT_USB_BEST_MIDDLEAPIWRAPPER\SPPUUSBDLL\DEBUG\SPPUUSBDLL.OBJ
C:\USERS\LOFRU\DESKTOP\20_OCT_2015_STABLE_SPPPU\B_20OCT_USB_BEST_MIDDLEAPIWRAPPER\SPPUUSBDLL\DEBUG\SPPUUSBDLL.PCH
C:\USERS\LOFRU\DESKTOP\20_OCT_2015_STABLE_SPPPU\B_20OCT_USB_BEST_MIDDLEAPIWRAPPER\SPPUUSBDLL\DEBUG\STDAFX.OBJ
C:\USERS\LOFRU\DESKTOP\20_OCT_2015_STABLE_SPPPU\B_20OCT_USB_BEST_MIDDLEAPIWRAPPER\SPPUUSBDLL\DEBUG\VC100.PDB
C:\Users\Pulkit Gupta\Desktop\Ukko\src\MiddleAPIWrapper\SppuUsbDll\Debug\cl.command.1.tlog
C:\Users\Pulkit Gupta\Desktop\Ukko\src\MiddleAPIWrapper\SppuUsbDll\Debug\CL.read.1.tlog
C:\Users\Pulkit Gupta\Desktop\Ukko\src\MiddleAPIWrapper\SppuUsbDll\Debug\CL.write.1.tlog
C:\Users\Pulkit Gupta\Desktop\Ukko\src\MiddleAPIWrapper\SppuUsbDll\Debug\dllmain.obj
C:\Users\Pulkit Gupta\Desktop\Ukko\src\MiddleAPIWrapper\SppuUsbDll\Debug\link.command.1.tlog
C:\Users\Pulkit Gupta\Desktop\Ukko\src\MiddleAPIWrapper\SppuUsbDll\Debug\link.read.1.tlog
C:\Users\Pulkit Gupta\Desktop\Ukko\src\MiddleAPIWrapper\SppuUsbDll\Debug\link.write.1.tlog
C:\Users\Pulkit Gupta\Desktop\Ukko\src\MiddleAPIWrapper\SppuUsbDll\Debug\mt.command.1.tlog
C:\Users\Pulkit Gupta\Desktop\Ukko\src\MiddleAPIWrapper\SppuUsbDll\Debug\mt.read.1.tlog
C:\Users\Pulkit Gupta\Desktop\Ukko\src\MiddleAPIWrapper\SppuUsbDll\Debug\mt.write.1.tlog
C:\Users\Pulkit Gupta\Desktop\Ukko\src\MiddleAPIWrapper\SppuUsbDll\Debug\SppuUsbDll.dll.intermediate.manifest
C:\Users\Pulkit Gupta\Desktop\Ukko\src\MiddleAPIWrapper\SppuUsbDll\Debug\SppuUsbDll.obj
C:\Users\Pulkit Gupta\Desktop\Ukko\src\MiddleAPIWrapper\SppuUsbDll\Debug\SppuUsbDll.pch
C:\Users\Pulkit Gupta\Desktop\Ukko\src\MiddleAPIWrapper\SppuUsbDll\Debug\SppuUsbDll.vcxprojResolveAssemblyReference.cache
C:\Users\Pulkit Gupta\Desktop\Ukko\src\MiddleAPIWrapper\SppuUsbDll\Debug\SppuUsbDll.write.1.tlog
C:\Users\Pulkit Gupta\Desktop\Ukko\src\MiddleAPIWrapper\SppuUsbDll\Debug\stdafx.obj
C:\Users\Pulkit Gupta\Desktop\Ukko\src\MiddleAPIWrapper\SppuUsbDll\Debug\vc100.idb
C:\Users\Pulkit Gupta\Desktop\Ukko\src\MiddleAPIWrapper\SppuUsbDll\Debug\vc100.pdb
D:\HP\PROJECTS\SPPU\SOFTWARE\MIDDLEWRAPPER\DEBUG\SPPUUSBDLL.DLL
D:\hp\Projects\Sppu\Software\MiddleWrapper\Debug\SppuUsbDll.exp
D:\hp\Projects\Sppu\Software\MiddleWrapper\Debug\SppuUsbDll.lib
D:\HP\PROJECTS\SPPU\SOFTWARE\MIDDLEWRAPPER\DEBUG\SPPUUSBDLL.PDB
D:\HP\PROJECTS\SPPU\SOFTWARE\MIDDLEWRAPPER\SPPUUSBDLL\DEBUG\DLLMAIN.OBJ
D:\HP\PROJECTS\SPPU\SOFTWARE\MIDDLEWRAPPER\SPPUUSBDLL\DEBUG\SPPUUSBDLL.DLL.INTERMEDIATE.MANIFEST
D:\HP\PROJECTS\SPPU\SOFTWARE\MIDDLEWRAPPER\SPPUUSBDLL\DEBUG\SPPUUSBDLL.OBJ
D:\HP\PROJECTS\SPPU\SOFTWARE\MIDDLEWRAPPER\SPPUUSBDLL\DEBUG\SPPUUSBDLL.PCH
D:\HP\PROJECTS\SPPU\SOFTWARE\MIDDLEWRAPPER\SPPUUSBDLL\DEBUG\STDAFX.OBJ
D:\HP\PROJECTS\SPPU\SOFTWARE\MIDDLEWRAPPER\SPPUUSBDLL\DEBUG\VC100.PDB
E:\HP\MIDDLEAPIWRAPPER\DEBUG\SPPUUSBDLL.DLL
E:\HP\MiddleAPIWrapper\Debug\SppuUsbDll.exp
E:\HP\MiddleAPIWrapper\Debug\SppuUsbDll.lib
E:\HP\MIDDLEAPIWRAPPER\DEBUG\SPPUUSBDLL.PDB
E:\HP\MIDDLEAPIWRAPPER\SPPUUSBDLL\DEBUG\DLLMAIN.OBJ
E:\HP\MIDDLEAPIWRAPPER\SPPUUSBDLL\DEBUG\SPPUUSBDLL.DLL.INTERMEDIATE.MANIFEST
E:\HP\MIDDLEAPIWRAPPER\SPPUUSBDLL\DEBUG\SPPUUSBDLL.OBJ
E:\HP\MIDDLEAPIWRAPPER\SPPUUSBDLL\DEBUG\SPPUUSBDLL.PCH
E:\HP\MIDDLEAPIWRAPPER\SPPUUSBDLL\DEBUG\STDAFX.OBJ
E:\HP\MIDDLEAPIWRAPPER\SPPUUSBDLL\DEBUG\VC100.PDB
