C:\USERS\LFT_USER\DESKTOP\MIDDLEAPI\ETHERNETAPI\ETHERNETAPI\RELEASE\CPROTOCOL.OBJ
C:\USERS\LFT_USER\DESKTOP\MIDDLEAPI\ETHERNETAPI\ETHERNETAPI\RELEASE\ETHERNETAPI.DLL.INTERMEDIATE.MANIFEST
C:\USERS\LFT_USER\DESKTOP\MIDDLEAPI\ETHERNETAPI\ETHERNETAPI\RELEASE\ETHERNETAPI.OBJ
C:\USERS\LFT_USER\DESKTOP\MIDDLEAPI\ETHERNETAPI\ETHERNETAPI\RELEASE\VC100.PDB
C:\USERS\LFT_USER\DESKTOP\MIDDLEAPI\RELEASE\ETHERNETAPI.DLL
C:\Users\LFT_User\Desktop\MiddleApi\Release\EthernetAPI.exp
C:\Users\LFT_User\Desktop\MiddleApi\Release\EthernetAPI.lib
C:\USERS\LFT_USER\DESKTOP\MIDDLEAPI\RELEASE\ETHERNETAPI.PDB
D:\MIDDLEWARE_SVN\MIDDLEAPI\ETHERNETAPI\ETHERNETAPI\RELEASE\CPROTOCOL.OBJ
D:\MIDDLEWARE_SVN\MIDDLEAPI\ETHERNETAPI\ETHERNETAPI\RELEASE\ETHERNETAPI.DLL.INTERMEDIATE.MANIFEST
D:\MIDDLEWARE_SVN\MIDDLEAPI\ETHERNETAPI\ETHERNETAPI\RELEASE\ETHERNETAPI.OBJ
D:\MIDDLEWARE_SVN\MIDDLEAPI\ETHERNETAPI\ETHERNETAPI\RELEASE\VC100.PDB
D:\MIDDLEWARE_SVN\MIDDLEAPI\RELEASE\ETHERNETAPI.DLL
D:\MiddleWare_SVN\MiddleApi\Release\EthernetAPI.exp
D:\MiddleWare_SVN\MiddleApi\Release\EthernetAPI.lib
D:\MIDDLEWARE_SVN\MIDDLEAPI\RELEASE\ETHERNETAPI.PDB
E:\MiddleApi\EthernetAPI\EthernetAPI\Release\cl.command.1.tlog
E:\MiddleApi\EthernetAPI\EthernetAPI\Release\CL.read.1.tlog
E:\MiddleApi\EthernetAPI\EthernetAPI\Release\CL.write.1.tlog
E:\MiddleApi\EthernetAPI\EthernetAPI\Release\cprotocol.obj
E:\MiddleApi\EthernetAPI\EthernetAPI\Release\EthernetAPI.dll.intermediate.manifest
E:\MiddleApi\EthernetAPI\EthernetAPI\Release\EthernetAPI.obj
E:\MiddleApi\EthernetAPI\EthernetAPI\Release\EthernetAPI.write.1.tlog
E:\MiddleApi\EthernetAPI\EthernetAPI\Release\link.command.1.tlog
E:\MiddleApi\EthernetAPI\EthernetAPI\Release\link.read.1.tlog
E:\MiddleApi\EthernetAPI\EthernetAPI\Release\link.write.1.tlog
E:\MiddleApi\EthernetAPI\EthernetAPI\Release\mt.command.1.tlog
E:\MiddleApi\EthernetAPI\EthernetAPI\Release\mt.read.1.tlog
E:\MiddleApi\EthernetAPI\EthernetAPI\Release\mt.write.1.tlog
E:\MiddleApi\EthernetAPI\EthernetAPI\Release\vc100.pdb
E:\MiddleApi\Release\EthernetAPI.dll
E:\MiddleApi\Release\EthernetAPI.pdb
