Build started 5/5/2015 3:27:28 PM.
     1>Project "C:\PROJECTS\VS\MiddleAPI\MiddleAPI\MiddleAPI.vcxproj" on node 2 (build target(s)).
     1>InitializeBuildStatus:
         Creating "Release\MiddleAPI.unsuccessfulbuild" because "AlwaysCreate" was specified.
       ClCompile:
         c:\Program Files (x86)\Microsoft Visual Studio 10.0\VC\bin\CL.exe /c /Zi /nologo /W3 /WX- /O2 /Oi /Oy- /GL /D WIN32 /D NDEBUG /D _WINDOWS /D _USRDLL /D MIDDLEAPI_EXPORTS /D _WINDLL /D _UNICODE /D UNICODE /Gm- /EHsc /MD /GS /Gy /fp:precise /Zc:wchar_t /Zc:forScope /Fo"Release\\" /Fd"Release\vc100.pdb" /Gd /TP /analyze- /errorReport:prompt MiddleLayer.cpp
         MiddleLayer.cpp
       Link:
         c:\Program Files (x86)\Microsoft Visual Studio 10.0\VC\bin\link.exe /ERRORREPORT:PROMPT /OUT:"C:\PROJECTS\VS\MiddleAPI\Release\MiddleAPI.dll" /INCREMENTAL:NO /NOLOGO kernel32.lib user32.lib gdi32.lib winspool.lib comdlg32.lib advapi32.lib shell32.lib ole32.lib oleaut32.lib uuid.lib odbc32.lib odbccp32.lib /MANIFEST /ManifestFile:"Release\MiddleAPI.dll.intermediate.manifest" /MANIFESTUAC:"level='asInvoker' uiAccess='false'" /DEBUG /PDB:"C:\PROJECTS\VS\MiddleAPI\Release\MiddleAPI.pdb" /SUBSYSTEM:WINDOWS /OPT:REF /OPT:ICF /LTCG /TLBID:1 /DYNAMICBASE /NXCOMPAT /IMPLIB:"C:\PROJECTS\VS\MiddleAPI\Release\MiddleAPI.lib" /MACHINE:X86 /DLL Release\cprotocol.obj
         Release\MiddleLayer.obj
            Creating library C:\PROJECTS\VS\MiddleAPI\Release\MiddleAPI.lib and object C:\PROJECTS\VS\MiddleAPI\Release\MiddleAPI.exp
         Generating code
         Finished generating code
         MiddleAPI.vcxproj -> C:\PROJECTS\VS\MiddleAPI\Release\MiddleAPI.dll
       Manifest:
         c:\Program Files (x86)\Microsoft SDKs\Windows\v7.0A\bin\mt.exe /nologo /verbose /outputresource:"C:\PROJECTS\VS\MiddleAPI\Release\MiddleAPI.dll;#2" /manifest Release\MiddleAPI.dll.intermediate.manifest
       FinalizeBuildStatus:
         Deleting file "Release\MiddleAPI.unsuccessfulbuild".
         Touching "Release\MiddleAPI.lastbuildstate".
     1>Done Building Project "C:\PROJECTS\VS\MiddleAPI\MiddleAPI\MiddleAPI.vcxproj" (build target(s)).

Build succeeded.

Time Elapsed 00:00:01.16
