C:\LFT_SPPU_VISIT_OCT_2015\LFT_9OCT2015\MIDDLEAPIWRAPPER\DEBUG\MIDDLEAPIWRAPPER.DLL
C:\Lft_Sppu_Visit_oct_2015\Lft_9Oct2015\MiddleAPIWrapper\Debug\MiddleAPIWrapper.exp
C:\Lft_Sppu_Visit_oct_2015\Lft_9Oct2015\MiddleAPIWrapper\Debug\MiddleAPIWrapper.lib
C:\LFT_SPPU_VISIT_OCT_2015\LFT_9OCT2015\MIDDLEAPIWRAPPER\DEBUG\MIDDLEAPIWRAPPER.PDB
C:\LFT_SPPU_VISIT_OCT_2015\LFT_9OCT2015\MIDDLEAPIWRAPPER\MIDDLEAPIWRAPPER\DEBUG\MIDDLEAPIWRAPPER.DLL.INTERMEDIATE.MANIFEST
C:\LFT_SPPU_VISIT_OCT_2015\LFT_9OCT2015\MIDDLEAPIWRAPPER\MIDDLEAPIWRAPPER\DEBUG\MIDDLEAPIWRAPPER.OBJ
C:\LFT_SPPU_VISIT_OCT_2015\LFT_9OCT2015\MIDDLEAPIWRAPPER\MIDDLEAPIWRAPPER\DEBUG\VC100.PDB
C:\LFT_SPPU_VISIT_OCT_2015\MIDDLEAPIWRAPPER_V102\DEBUG\MIDDLEAPIWRAPPER.DLL
C:\Lft_Sppu_Visit_oct_2015\MiddleAPIWrapper_v102\Debug\MiddleAPIWrapper.exp
C:\Lft_Sppu_Visit_oct_2015\MiddleAPIWrapper_v102\Debug\MiddleAPIWrapper.lib
C:\LFT_SPPU_VISIT_OCT_2015\MIDDLEAPIWRAPPER_V102\DEBUG\MIDDLEAPIWRAPPER.PDB
C:\LFT_SPPU_VISIT_OCT_2015\MIDDLEAPIWRAPPER_V102\MIDDLEAPIWRAPPER\DEBUG\MIDDLEAPIWRAPPER.DLL.INTERMEDIATE.MANIFEST
C:\LFT_SPPU_VISIT_OCT_2015\MIDDLEAPIWRAPPER_V102\MIDDLEAPIWRAPPER\DEBUG\MIDDLEAPIWRAPPER.OBJ
C:\LFT_SPPU_VISIT_OCT_2015\MIDDLEAPIWRAPPER_V102\MIDDLEAPIWRAPPER\DEBUG\VC100.PDB
C:\USERS\LOFRU\DESKTOP\20_OCT_2015_STABLE_SPPPU\B_20OCT_USB_BEST_MIDDLEAPIWRAPPER\DEBUG\MIDDLEAPIWRAPPER.DLL
C:\Users\lofru\Desktop\20_oct_2015_Stable_SPPPU\b_20Oct_usb_best_MiddleAPIWrapper\Debug\MiddleAPIWrapper.exp
C:\Users\lofru\Desktop\20_oct_2015_Stable_SPPPU\b_20Oct_usb_best_MiddleAPIWrapper\Debug\MiddleAPIWrapper.lib
C:\USERS\LOFRU\DESKTOP\20_OCT_2015_STABLE_SPPPU\B_20OCT_USB_BEST_MIDDLEAPIWRAPPER\DEBUG\MIDDLEAPIWRAPPER.PDB
C:\USERS\LOFRU\DESKTOP\20_OCT_2015_STABLE_SPPPU\B_20OCT_USB_BEST_MIDDLEAPIWRAPPER\MIDDLEAPIWRAPPER\DEBUG\MIDDLEAPIWRAPPER.DLL.INTERMEDIATE.MANIFEST
C:\USERS\LOFRU\DESKTOP\20_OCT_2015_STABLE_SPPPU\B_20OCT_USB_BEST_MIDDLEAPIWRAPPER\MIDDLEAPIWRAPPER\DEBUG\MIDDLEAPIWRAPPER.OBJ
C:\USERS\LOFRU\DESKTOP\20_OCT_2015_STABLE_SPPPU\B_20OCT_USB_BEST_MIDDLEAPIWRAPPER\MIDDLEAPIWRAPPER\DEBUG\VC100.PDB
C:\Users\Pulkit Gupta\Desktop\Ukko\src\MiddleAPIWrapper\MiddleAPIWrapper\Debug\cl.command.1.tlog
C:\Users\Pulkit Gupta\Desktop\Ukko\src\MiddleAPIWrapper\MiddleAPIWrapper\Debug\CL.read.1.tlog
C:\Users\Pulkit Gupta\Desktop\Ukko\src\MiddleAPIWrapper\MiddleAPIWrapper\Debug\CL.write.1.tlog
C:\Users\Pulkit Gupta\Desktop\Ukko\src\MiddleAPIWrapper\MiddleAPIWrapper\Debug\link.command.1.tlog
C:\Users\Pulkit Gupta\Desktop\Ukko\src\MiddleAPIWrapper\MiddleAPIWrapper\Debug\link.read.1.tlog
C:\Users\Pulkit Gupta\Desktop\Ukko\src\MiddleAPIWrapper\MiddleAPIWrapper\Debug\link.write.1.tlog
C:\Users\Pulkit Gupta\Desktop\Ukko\src\MiddleAPIWrapper\MiddleAPIWrapper\Debug\MiddleAPIWrapper.dll.intermediate.manifest
C:\Users\Pulkit Gupta\Desktop\Ukko\src\MiddleAPIWrapper\MiddleAPIWrapper\Debug\MiddleAPIWrapper.obj
C:\Users\Pulkit Gupta\Desktop\Ukko\src\MiddleAPIWrapper\MiddleAPIWrapper\Debug\MiddleAPIWrapper.vcxprojResolveAssemblyReference.cache
C:\Users\Pulkit Gupta\Desktop\Ukko\src\MiddleAPIWrapper\MiddleAPIWrapper\Debug\MiddleAPIWrapper.write.1.tlog
C:\Users\Pulkit Gupta\Desktop\Ukko\src\MiddleAPIWrapper\MiddleAPIWrapper\Debug\mt.command.1.tlog
C:\Users\Pulkit Gupta\Desktop\Ukko\src\MiddleAPIWrapper\MiddleAPIWrapper\Debug\mt.read.1.tlog
C:\Users\Pulkit Gupta\Desktop\Ukko\src\MiddleAPIWrapper\MiddleAPIWrapper\Debug\mt.write.1.tlog
C:\Users\Pulkit Gupta\Desktop\Ukko\src\MiddleAPIWrapper\MiddleAPIWrapper\Debug\vc100.idb
C:\Users\Pulkit Gupta\Desktop\Ukko\src\MiddleAPIWrapper\MiddleAPIWrapper\Debug\vc100.pdb
D:\HP\PROJECTS\SPPU\SOFTWARE\MIDDLEWRAPPER\DEBUG\MIDDLEAPIWRAPPER.DLL
D:\hp\Projects\Sppu\Software\MiddleWrapper\Debug\MiddleAPIWrapper.exp
D:\hp\Projects\Sppu\Software\MiddleWrapper\Debug\MiddleAPIWrapper.lib
D:\HP\PROJECTS\SPPU\SOFTWARE\MIDDLEWRAPPER\DEBUG\MIDDLEAPIWRAPPER.PDB
D:\HP\PROJECTS\SPPU\SOFTWARE\MIDDLEWRAPPER\MIDDLEAPIWRAPPER\DEBUG\MIDDLEAPIWRAPPER.DLL.INTERMEDIATE.MANIFEST
D:\HP\PROJECTS\SPPU\SOFTWARE\MIDDLEWRAPPER\MIDDLEAPIWRAPPER\DEBUG\MIDDLEAPIWRAPPER.OBJ
D:\HP\PROJECTS\SPPU\SOFTWARE\MIDDLEWRAPPER\MIDDLEAPIWRAPPER\DEBUG\VC100.PDB
E:\HP\MIDDLEAPIWRAPPER\DEBUG\MIDDLEAPIWRAPPER.DLL
E:\HP\MiddleAPIWrapper\Debug\MiddleAPIWrapper.exp
E:\HP\MiddleAPIWrapper\Debug\MiddleAPIWrapper.lib
E:\HP\MIDDLEAPIWRAPPER\DEBUG\MIDDLEAPIWRAPPER.PDB
E:\HP\MIDDLEAPIWRAPPER\MIDDLEAPIWRAPPER\DEBUG\MIDDLEAPIWRAPPER.DLL.INTERMEDIATE.MANIFEST
E:\HP\MIDDLEAPIWRAPPER\MIDDLEAPIWRAPPER\DEBUG\MIDDLEAPIWRAPPER.OBJ
E:\HP\MIDDLEAPIWRAPPER\MIDDLEAPIWRAPPER\DEBUG\VC100.PDB
