C:\USERS\LFT_USER\DESKTOP\MIDDLEAPI\PCIEDLL\RELEASE\PCIEBULKXFER.OBJ
C:\USERS\LFT_USER\DESKTOP\MIDDLEAPI\PCIEDLL\RELEASE\PCIEDEVOPENCLOSE.OBJ
C:\USERS\LFT_USER\DESKTOP\MIDDLEAPI\PCIEDLL\RELEASE\PCIEDLL.DLL.INTERMEDIATE.MANIFEST
C:\USERS\LFT_USER\DESKTOP\MIDDLEAPI\PCIEDLL\RELEASE\PCIEREGACCESS.OBJ
C:\USERS\LFT_USER\DESKTOP\MIDDLEAPI\PCIEDLL\RELEASE\VC100.PDB
C:\USERS\LFT_USER\DESKTOP\MIDDLEAPI\RELEASE\PCIEDLL.DLL
C:\Users\LFT_User\Desktop\MiddleApi\Release\PcieDll.exp
C:\Users\LFT_User\Desktop\MiddleApi\Release\PcieDll.lib
C:\USERS\LFT_USER\DESKTOP\MIDDLEAPI\RELEASE\PCIEDLL.PDB
D:\MIDDLEWARE_SVN\MIDDLEAPI\PCIEDLL\RELEASE\PCIEBULKXFER.OBJ
D:\MIDDLEWARE_SVN\MIDDLEAPI\PCIEDLL\RELEASE\PCIEDEVOPENCLOSE.OBJ
D:\MIDDLEWARE_SVN\MIDDLEAPI\PCIEDLL\RELEASE\PCIEDLL.DLL.INTERMEDIATE.MANIFEST
D:\MIDDLEWARE_SVN\MIDDLEAPI\PCIEDLL\RELEASE\PCIEREGACCESS.OBJ
D:\MIDDLEWARE_SVN\MIDDLEAPI\PCIEDLL\RELEASE\VC100.PDB
D:\MIDDLEWARE_SVN\MIDDLEAPI\RELEASE\PCIEDLL.DLL
D:\MiddleWare_SVN\MiddleApi\Release\PcieDll.exp
D:\MiddleWare_SVN\MiddleApi\Release\PcieDll.lib
D:\MIDDLEWARE_SVN\MIDDLEAPI\RELEASE\PCIEDLL.PDB
E:\MiddleApi\PcieDll\Release\cl.command.1.tlog
E:\MiddleApi\PcieDll\Release\CL.read.1.tlog
E:\MiddleApi\PcieDll\Release\CL.write.1.tlog
E:\MiddleApi\PcieDll\Release\link.command.1.tlog
E:\MiddleApi\PcieDll\Release\link.read.1.tlog
E:\MiddleApi\PcieDll\Release\link.write.1.tlog
E:\MiddleApi\PcieDll\Release\mt.command.1.tlog
E:\MiddleApi\PcieDll\Release\mt.read.1.tlog
E:\MiddleApi\PcieDll\Release\mt.write.1.tlog
E:\MiddleApi\PcieDll\Release\PcieBulkXfer.obj
E:\MiddleApi\PcieDll\Release\PcieDevOpenClose.obj
E:\MiddleApi\PcieDll\Release\PcieDll.dll.intermediate.manifest
E:\MiddleApi\PcieDll\Release\PcieDll.write.1.tlog
E:\MiddleApi\PcieDll\Release\PcieRegAccess.obj
E:\MiddleApi\PcieDll\Release\vc100.pdb
E:\MiddleApi\Release\PcieDll.dll
E:\MiddleApi\Release\PcieDll.pdb
