C:\LFT_SPPU_VISIT_OCT_2015\LFT_9OCT2015\MIDDLEAPIWRAPPER\DEBUG\SERIALAPI.DLL
C:\Lft_Sppu_Visit_oct_2015\Lft_9Oct2015\MiddleAPIWrapper\Debug\SerialAPI.exp
C:\Lft_Sppu_Visit_oct_2015\Lft_9Oct2015\MiddleAPIWrapper\Debug\SerialAPI.lib
C:\LFT_SPPU_VISIT_OCT_2015\LFT_9OCT2015\MIDDLEAPIWRAPPER\DEBUG\SERIALAPI.PDB
C:\LFT_SPPU_VISIT_OCT_2015\LFT_9OCT2015\MIDDLEAPIWRAPPER\SERIALAPI\DEBUG\CPROTOCOL.OBJ
C:\LFT_SPPU_VISIT_OCT_2015\LFT_9OCT2015\MIDDLEAPIWRAPPER\SERIALAPI\DEBUG\SERIALAPI.DLL.INTERMEDIATE.MANIFEST
C:\LFT_SPPU_VISIT_OCT_2015\LFT_9OCT2015\MIDDLEAPIWRAPPER\SERIALAPI\DEBUG\SERIALAPI.OBJ
C:\LFT_SPPU_VISIT_OCT_2015\LFT_9OCT2015\MIDDLEAPIWRAPPER\SERIALAPI\DEBUG\VC100.PDB
C:\LFT_SPPU_VISIT_OCT_2015\MIDDLEAPIWRAPPER_V102\DEBUG\SERIALAPI.DLL
C:\Lft_Sppu_Visit_oct_2015\MiddleAPIWrapper_v102\Debug\SerialAPI.exp
C:\Lft_Sppu_Visit_oct_2015\MiddleAPIWrapper_v102\Debug\SerialAPI.lib
C:\LFT_SPPU_VISIT_OCT_2015\MIDDLEAPIWRAPPER_V102\DEBUG\SERIALAPI.PDB
C:\LFT_SPPU_VISIT_OCT_2015\MIDDLEAPIWRAPPER_V102\SERIALAPI\DEBUG\CPROTOCOL.OBJ
C:\LFT_SPPU_VISIT_OCT_2015\MIDDLEAPIWRAPPER_V102\SERIALAPI\DEBUG\SERIALAPI.DLL.INTERMEDIATE.MANIFEST
C:\LFT_SPPU_VISIT_OCT_2015\MIDDLEAPIWRAPPER_V102\SERIALAPI\DEBUG\SERIALAPI.OBJ
C:\LFT_SPPU_VISIT_OCT_2015\MIDDLEAPIWRAPPER_V102\SERIALAPI\DEBUG\VC100.PDB
C:\USERS\LOFRU\DESKTOP\20_OCT_2015_STABLE_SPPPU\B_20OCT_USB_BEST_MIDDLEAPIWRAPPER\DEBUG\SERIALAPI.DLL
C:\Users\lofru\Desktop\20_oct_2015_Stable_SPPPU\b_20Oct_usb_best_MiddleAPIWrapper\Debug\SerialAPI.exp
C:\Users\lofru\Desktop\20_oct_2015_Stable_SPPPU\b_20Oct_usb_best_MiddleAPIWrapper\Debug\SerialAPI.lib
C:\USERS\LOFRU\DESKTOP\20_OCT_2015_STABLE_SPPPU\B_20OCT_USB_BEST_MIDDLEAPIWRAPPER\DEBUG\SERIALAPI.PDB
C:\USERS\LOFRU\DESKTOP\20_OCT_2015_STABLE_SPPPU\B_20OCT_USB_BEST_MIDDLEAPIWRAPPER\SERIALAPI\DEBUG\CPROTOCOL.OBJ
C:\USERS\LOFRU\DESKTOP\20_OCT_2015_STABLE_SPPPU\B_20OCT_USB_BEST_MIDDLEAPIWRAPPER\SERIALAPI\DEBUG\SERIALAPI.DLL.INTERMEDIATE.MANIFEST
C:\USERS\LOFRU\DESKTOP\20_OCT_2015_STABLE_SPPPU\B_20OCT_USB_BEST_MIDDLEAPIWRAPPER\SERIALAPI\DEBUG\SERIALAPI.OBJ
C:\USERS\LOFRU\DESKTOP\20_OCT_2015_STABLE_SPPPU\B_20OCT_USB_BEST_MIDDLEAPIWRAPPER\SERIALAPI\DEBUG\VC100.PDB
C:\Users\Pulkit Gupta\Desktop\Ukko\src\MiddleAPIWrapper\SerialAPI\Debug\cl.command.1.tlog
C:\Users\Pulkit Gupta\Desktop\Ukko\src\MiddleAPIWrapper\SerialAPI\Debug\CL.read.1.tlog
C:\Users\Pulkit Gupta\Desktop\Ukko\src\MiddleAPIWrapper\SerialAPI\Debug\CL.write.1.tlog
C:\Users\Pulkit Gupta\Desktop\Ukko\src\MiddleAPIWrapper\SerialAPI\Debug\cprotocol.obj
C:\Users\Pulkit Gupta\Desktop\Ukko\src\MiddleAPIWrapper\SerialAPI\Debug\link.command.1.tlog
C:\Users\Pulkit Gupta\Desktop\Ukko\src\MiddleAPIWrapper\SerialAPI\Debug\link.read.1.tlog
C:\Users\Pulkit Gupta\Desktop\Ukko\src\MiddleAPIWrapper\SerialAPI\Debug\link.write.1.tlog
C:\Users\Pulkit Gupta\Desktop\Ukko\src\MiddleAPIWrapper\SerialAPI\Debug\mt.command.1.tlog
C:\Users\Pulkit Gupta\Desktop\Ukko\src\MiddleAPIWrapper\SerialAPI\Debug\mt.read.1.tlog
C:\Users\Pulkit Gupta\Desktop\Ukko\src\MiddleAPIWrapper\SerialAPI\Debug\mt.write.1.tlog
C:\Users\Pulkit Gupta\Desktop\Ukko\src\MiddleAPIWrapper\SerialAPI\Debug\SerialAPI.dll.intermediate.manifest
C:\Users\Pulkit Gupta\Desktop\Ukko\src\MiddleAPIWrapper\SerialAPI\Debug\SerialAPI.obj
C:\Users\Pulkit Gupta\Desktop\Ukko\src\MiddleAPIWrapper\SerialAPI\Debug\SerialAPI.vcxprojResolveAssemblyReference.cache
C:\Users\Pulkit Gupta\Desktop\Ukko\src\MiddleAPIWrapper\SerialAPI\Debug\SerialAPI.write.1.tlog
C:\Users\Pulkit Gupta\Desktop\Ukko\src\MiddleAPIWrapper\SerialAPI\Debug\vc100.idb
C:\Users\Pulkit Gupta\Desktop\Ukko\src\MiddleAPIWrapper\SerialAPI\Debug\vc100.pdb
D:\HP\PROJECTS\SPPU\SOFTWARE\MIDDLEWRAPPER\DEBUG\SERIALAPI.DLL
D:\hp\Projects\Sppu\Software\MiddleWrapper\Debug\SerialAPI.exp
D:\hp\Projects\Sppu\Software\MiddleWrapper\Debug\SerialAPI.lib
D:\HP\PROJECTS\SPPU\SOFTWARE\MIDDLEWRAPPER\DEBUG\SERIALAPI.PDB
D:\HP\PROJECTS\SPPU\SOFTWARE\MIDDLEWRAPPER\SERIALAPI\DEBUG\CPROTOCOL.OBJ
D:\HP\PROJECTS\SPPU\SOFTWARE\MIDDLEWRAPPER\SERIALAPI\DEBUG\SERIALAPI.DLL.INTERMEDIATE.MANIFEST
D:\HP\PROJECTS\SPPU\SOFTWARE\MIDDLEWRAPPER\SERIALAPI\DEBUG\SERIALAPI.OBJ
D:\HP\PROJECTS\SPPU\SOFTWARE\MIDDLEWRAPPER\SERIALAPI\DEBUG\VC100.PDB
E:\HP\MIDDLEAPIWRAPPER\DEBUG\SERIALAPI.DLL
E:\HP\MiddleAPIWrapper\Debug\SerialAPI.exp
E:\HP\MiddleAPIWrapper\Debug\SerialAPI.lib
E:\HP\MIDDLEAPIWRAPPER\DEBUG\SERIALAPI.PDB
E:\HP\MIDDLEAPIWRAPPER\SERIALAPI\DEBUG\CPROTOCOL.OBJ
E:\HP\MIDDLEAPIWRAPPER\SERIALAPI\DEBUG\SERIALAPI.DLL.INTERMEDIATE.MANIFEST
E:\HP\MIDDLEAPIWRAPPER\SERIALAPI\DEBUG\SERIALAPI.OBJ
E:\HP\MIDDLEAPIWRAPPER\SERIALAPI\DEBUG\VC100.PDB
