C:\Users\admin\Desktop\ISTRAC\SVN\SOFTWARE\MiddleApi\Debug\PcieDll.pdb
C:\Users\admin\Desktop\ISTRAC\SVN\SOFTWARE\MiddleApi\PcieDll\Debug\cl.command.1.tlog
C:\Users\admin\Desktop\ISTRAC\SVN\SOFTWARE\MiddleApi\PcieDll\Debug\CL.read.1.tlog
C:\Users\admin\Desktop\ISTRAC\SVN\SOFTWARE\MiddleApi\PcieDll\Debug\CL.write.1.tlog
C:\Users\admin\Desktop\ISTRAC\SVN\SOFTWARE\MiddleApi\PcieDll\Debug\link.command.1.tlog
C:\Users\admin\Desktop\ISTRAC\SVN\SOFTWARE\MiddleApi\PcieDll\Debug\link.read.1.tlog
C:\Users\admin\Desktop\ISTRAC\SVN\SOFTWARE\MiddleApi\PcieDll\Debug\link.write.1.tlog
C:\Users\admin\Desktop\ISTRAC\SVN\SOFTWARE\MiddleApi\PcieDll\Debug\link-cvtres.read.1.tlog
C:\Users\admin\Desktop\ISTRAC\SVN\SOFTWARE\MiddleApi\PcieDll\Debug\link-cvtres.write.1.tlog
C:\USERS\ADMIN\DESKTOP\ISTRAC\SVN\SOFTWARE\MIDDLEAPI\PCIEDLL\DEBUG\PCIEBULKXFER.OBJ
C:\USERS\ADMIN\DESKTOP\ISTRAC\SVN\SOFTWARE\MIDDLEAPI\PCIEDLL\DEBUG\PCIEDEVOPENCLOSE.OBJ
C:\Users\admin\Desktop\ISTRAC\SVN\SOFTWARE\MiddleApi\PcieDll\Debug\PcieDll.dll.embed.manifest
C:\USERS\ADMIN\DESKTOP\ISTRAC\SVN\SOFTWARE\MIDDLEAPI\PCIEDLL\DEBUG\PCIEDLL.DLL.EMBED.MANIFEST.RES
C:\Users\admin\Desktop\ISTRAC\SVN\SOFTWARE\MiddleApi\PcieDll\Debug\PcieDll.dll.intermediate.manifest
C:\Users\admin\Desktop\ISTRAC\SVN\SOFTWARE\MiddleApi\PcieDll\Debug\PcieDll.write.1.tlog
C:\Users\admin\Desktop\ISTRAC\SVN\SOFTWARE\MiddleApi\PcieDll\Debug\PcieDll_manifest.rc
C:\USERS\ADMIN\DESKTOP\ISTRAC\SVN\SOFTWARE\MIDDLEAPI\PCIEDLL\DEBUG\PCIEREGACCESS.OBJ
C:\Users\admin\Desktop\ISTRAC\SVN\SOFTWARE\MiddleApi\PcieDll\Debug\rc.command.1.tlog
C:\Users\admin\Desktop\ISTRAC\SVN\SOFTWARE\MiddleApi\PcieDll\Debug\rc.read.1.tlog
C:\Users\admin\Desktop\ISTRAC\SVN\SOFTWARE\MiddleApi\PcieDll\Debug\rc.write.1.tlog
C:\Users\admin\Desktop\ISTRAC\SVN\SOFTWARE\MiddleApi\PcieDll\Debug\vc100.idb
C:\USERS\ADMIN\DESKTOP\ISTRAC\SVN\SOFTWARE\MIDDLEAPI\PCIEDLL\DEBUG\VC100.PDB
