Build started 6/27/2018 11:34:56 AM.
     1>Project "C:\Users\admin\Desktop\ISTRAC\SVN\SOFTWARE\MiddleApi\PcieDll\PcieDll.vcxproj" on node 2 (build target(s)).
     1>InitializeBuildStatus:
         Touching "Debug\PcieDll.unsuccessfulbuild".
       ClCompile:
         C:\Program Files (x86)\Microsoft Visual Studio 10.0\VC\bin\CL.exe /c /ZI /nologo /W3 /WX- /Od /Oy- /D WIN32 /D _DEBUG /D _WINDOWS /D _USRDLL /D PCIEDLL_EXPORTS /D _WINDLL /D _UNICODE /D UNICODE /Gm /EHsc /RTC1 /MDd /GS /fp:precise /Zc:wchar_t /Zc:forScope /Fo"Debug\\" /Fd"Debug\vc100.pdb" /Gd /TP /analyze- /errorReport:prompt PcieBulkXfer.cpp PcieDevOpenClose.cpp PcieRegAccess.cpp
         PcieRegAccess.cpp
         PcieDevOpenClose.cpp
         PcieBulkXfer.cpp
     1>c:\users\admin\desktop\istrac\svn\software\middleapi\pciedll\pciebulkxfer.cpp(320): warning C4996: 'fopen': This function or variable may be unsafe. Consider using fopen_s instead. To disable deprecation, use _CRT_SECURE_NO_WARNINGS. See online help for details.
                 c:\program files (x86)\microsoft visual studio 10.0\vc\include\stdio.h(234) : see declaration of 'fopen'
     1>c:\users\admin\desktop\istrac\svn\software\middleapi\pciedll\pciebulkxfer.cpp(445): warning C4996: 'fopen': This function or variable may be unsafe. Consider using fopen_s instead. To disable deprecation, use _CRT_SECURE_NO_WARNINGS. See online help for details.
                 c:\program files (x86)\microsoft visual studio 10.0\vc\include\stdio.h(234) : see declaration of 'fopen'
     1>c:\users\admin\desktop\istrac\svn\software\middleapi\pciedll\pciebulkxfer.cpp(494): warning C4018: '<' : signed/unsigned mismatch
     1>c:\users\admin\desktop\istrac\svn\software\middleapi\pciedll\pciebulkxfer.cpp(547): warning C4102: 'Error' : unreferenced label
     1>c:\users\admin\desktop\istrac\svn\software\middleapi\pciedll\pciebulkxfer.cpp(246): warning C4101: 'XbmdLog' : unreferenced local variable
     1>c:\users\admin\desktop\istrac\svn\software\middleapi\pciedll\pciebulkxfer.cpp(240): warning C4101: 'i' : unreferenced local variable
     1>c:\users\admin\desktop\istrac\svn\software\middleapi\pciedll\pciebulkxfer.cpp(248): warning C4101: 'st' : unreferenced local variable
     1>c:\users\admin\desktop\istrac\svn\software\middleapi\pciedll\pciebulkxfer.cpp(250): warning C4101: 'ret' : unreferenced local variable
     1>c:\users\admin\desktop\istrac\svn\software\middleapi\pciedll\pciebulkxfer.cpp(240): warning C4101: 'dwStatus' : unreferenced local variable
         Generating Code...
       ManifestResourceCompile:
         C:\Program Files (x86)\Microsoft SDKs\Windows\v7.0A\bin\rc.exe /nologo /fo"Debug\PcieDll.dll.embed.manifest.res" Debug\PcieDll_manifest.rc 
       Link:
         C:\Program Files (x86)\Microsoft Visual Studio 10.0\VC\bin\link.exe /ERRORREPORT:PROMPT /OUT:"C:\Users\admin\Desktop\ISTRAC\SVN\SOFTWARE\MiddleApi\Debug\PcieDll.dll" /INCREMENTAL /NOLOGO kernel32.lib user32.lib gdi32.lib winspool.lib comdlg32.lib advapi32.lib shell32.lib ole32.lib oleaut32.lib uuid.lib odbc32.lib odbccp32.lib /MANIFEST /ManifestFile:"Debug\PcieDll.dll.intermediate.manifest" /MANIFESTUAC:"level='asInvoker' uiAccess='false'" /DEBUG /PDB:"C:\Users\admin\Desktop\ISTRAC\SVN\SOFTWARE\MiddleApi\Debug\PcieDll.pdb" /SUBSYSTEM:WINDOWS /TLBID:1 /DYNAMICBASE /NXCOMPAT /IMPLIB:"C:\Users\admin\Desktop\ISTRAC\SVN\SOFTWARE\MiddleApi\Debug\PcieDll.lib" /MACHINE:X86 /DLL Debug\PcieDll.dll.embed.manifest.res
         Debug\PcieBulkXfer.obj
         Debug\PcieDevOpenClose.obj
         Debug\PcieRegAccess.obj
            Creating library C:\Users\admin\Desktop\ISTRAC\SVN\SOFTWARE\MiddleApi\Debug\PcieDll.lib and object C:\Users\admin\Desktop\ISTRAC\SVN\SOFTWARE\MiddleApi\Debug\PcieDll.exp
     1>PcieDevOpenClose.obj : error LNK2019: unresolved external symbol __imp__SetupDiGetDeviceInterfaceDetailW@24 referenced in function "public: void * __thiscall Pcie::c_Pcie::OpenDeviceByGuid(struct _GUID *)" (?OpenDeviceByGuid@c_Pcie@Pcie@@QAEPAXPAU_GUID@@@Z)
     1>PcieDevOpenClose.obj : error LNK2019: unresolved external symbol __imp__SetupDiDestroyDeviceInfoList@4 referenced in function "public: void * __thiscall Pcie::c_Pcie::OpenDeviceByGuid(struct _GUID *)" (?OpenDeviceByGuid@c_Pcie@Pcie@@QAEPAXPAU_GUID@@@Z)
     1>PcieDevOpenClose.obj : error LNK2019: unresolved external symbol __imp__SetupDiEnumDeviceInterfaces@20 referenced in function "public: void * __thiscall Pcie::c_Pcie::OpenDeviceByGuid(struct _GUID *)" (?OpenDeviceByGuid@c_Pcie@Pcie@@QAEPAXPAU_GUID@@@Z)
     1>PcieDevOpenClose.obj : error LNK2019: unresolved external symbol __imp__SetupDiGetClassDevsW@16 referenced in function "public: void * __thiscall Pcie::c_Pcie::OpenDeviceByGuid(struct _GUID *)" (?OpenDeviceByGuid@c_Pcie@Pcie@@QAEPAXPAU_GUID@@@Z)
     1>C:\Users\admin\Desktop\ISTRAC\SVN\SOFTWARE\MiddleApi\Debug\PcieDll.dll : fatal error LNK1120: 4 unresolved externals
     1>Done Building Project "C:\Users\admin\Desktop\ISTRAC\SVN\SOFTWARE\MiddleApi\PcieDll\PcieDll.vcxproj" (build target(s)) -- FAILED.

Build FAILED.

Time Elapsed 00:00:06.79
